2024-05-05 00:17:39,784 [ERROR] LogOutputStream:75 - [STDERR_REDIRECT] 
2024-05-05 09:52:17,791 [INFO] Activator:176 - 


2024-05-05 09:52:17,794 [INFO] Activator:177 - !SESSION log4j initialized
2024-05-05 09:52:24,110 [INFO] LogOutputStream:77 - [STDOUT_REDIRECT] 
2024-05-05 09:52:25,103 [INFO] ApplicationProperties:184 - Using Application install path: O:\STM32CubeIDE_1.13.2\STM32CubeIDE\plugins\com.st.stm32cube.common.mx_6.9.2.202309101412
2024-05-05 09:52:25,127 [INFO] DbMcusXml:78 - Set database path to: O:\STM32CubeIDE_1.13.2\STM32CubeIDE\plugins\com.st.stm32cube.common.mx_6.9.2.202309101412\\db\/mcu/
2024-05-05 09:52:25,127 [INFO] ApiDb:274 - Set plugin database path to: O:\STM32CubeIDE_1.13.2\STM32CubeIDE\plugins\com.st.stm32cube.common.mx_6.9.2.202309101412\\db\/plugins/boardmanager/
2024-05-05 09:52:25,128 [WARN] ApiDb:259 - Overriding images path with different value:  => O:\STM32CubeIDE_1.13.2\STM32CubeIDE\plugins\com.st.stm32cube.common.mx_6.9.2.202309101412\\db\/plugins/mcufinder/images/
2024-05-05 09:52:25,141 [INFO] ApiDb:250 - Set database path to: C:\Users\ledin\.stmcufinder\plugins\mcufinder//mcu/
2024-05-05 09:52:25,142 [INFO] DbMcusAds:125 - Set database path to: C:\Users\ledin\.stmcufinder\plugins\mcufinder//mcu/
2024-05-05 09:52:25,143 [INFO] CrossReferenceDbSqlite:203 - Set database path to: C:\Users\ledin\.stmcufinder\plugins\mcufinder//mcu/cs/
2024-05-05 09:52:25,267 [INFO] RulesReader:64 - Compatibility file has been processed (293 Rules)
2024-05-05 09:52:25,363 [INFO] DbMcusXml:78 - Set database path to: O:\STM32CubeIDE_1.13.2\STM32CubeIDE\plugins\com.st.stm32cube.common.mx_6.9.2.202309101412\\db\/mcu/
2024-05-05 09:52:25,363 [INFO] ApiDb:274 - Set plugin database path to: O:\STM32CubeIDE_1.13.2\STM32CubeIDE\plugins\com.st.stm32cube.common.mx_6.9.2.202309101412\\db\/plugins/boardmanager/
2024-05-05 09:52:25,363 [INFO] ApiDb:261 - Set plugin images path to: O:\STM32CubeIDE_1.13.2\STM32CubeIDE\plugins\com.st.stm32cube.common.mx_6.9.2.202309101412\\db\/plugins/mcufinder/images/
2024-05-05 09:52:25,363 [WARN] DbFile:41 - Overriding database path with different value: C:\Users\ledin\.stmcufinder\plugins\mcufinder/ => C:\Users\ledin\.stmcufinder\plugins\mcufinder
2024-05-05 09:52:25,363 [INFO] ApiDb:250 - Set database path to: C:\Users\ledin\.stmcufinder\plugins\mcufinder//mcu/
2024-05-05 09:52:25,363 [WARN] DbFile:41 - Overriding database path with different value: C:\Users\ledin\.stmcufinder\plugins\mcufinder/ => C:\Users\ledin\.stmcufinder\plugins\mcufinder
2024-05-05 09:52:25,363 [INFO] DbMcusAds:125 - Set database path to: C:\Users\ledin\.stmcufinder\plugins\mcufinder//mcu/
2024-05-05 09:52:25,363 [WARN] DbFile:41 - Overriding database path with different value: C:\Users\ledin\.stmcufinder\plugins\mcufinder/ => C:\Users\ledin\.stmcufinder\plugins\mcufinder
2024-05-05 09:52:25,364 [WARN] DbFile:41 - Overriding database path with different value: C:\Users\ledin\.stmcufinder\plugins\mcufinder/ => C:\Users\ledin\.stmcufinder\plugins\mcufinder
2024-05-05 09:52:25,364 [INFO] CrossReferenceDbSqlite:203 - Set database path to: C:\Users\ledin\.stmcufinder\plugins\mcufinder//mcu/cs/
2024-05-05 09:52:25,458 [INFO] MainPanel:262 - HeapMemory: 268435456
2024-05-05 09:52:25,594 [INFO] DbMcusXml:78 - Set database path to: O:\STM32CubeIDE_1.13.2\STM32CubeIDE\plugins\com.st.stm32cube.common.mx_6.9.2.202309101412\\db\/mcu/
2024-05-05 09:52:25,594 [INFO] ApiDb:274 - Set plugin database path to: O:\STM32CubeIDE_1.13.2\STM32CubeIDE\plugins\com.st.stm32cube.common.mx_6.9.2.202309101412\\db\/plugins/boardmanager/
2024-05-05 09:52:25,594 [INFO] ApiDb:261 - Set plugin images path to: O:\STM32CubeIDE_1.13.2\STM32CubeIDE\plugins\com.st.stm32cube.common.mx_6.9.2.202309101412\\db\/plugins/mcufinder/images/
2024-05-05 09:52:25,596 [WARN] DbFile:41 - Overriding database path with different value: C:\Users\ledin\.stmcufinder\plugins\mcufinder/ => C:\Users\ledin\.stmcufinder\plugins\mcufinder
2024-05-05 09:52:25,596 [INFO] ApiDb:250 - Set database path to: C:\Users\ledin\.stmcufinder\plugins\mcufinder//mcu/
2024-05-05 09:52:25,596 [WARN] DbFile:41 - Overriding database path with different value: C:\Users\ledin\.stmcufinder\plugins\mcufinder/ => C:\Users\ledin\.stmcufinder\plugins\mcufinder
2024-05-05 09:52:25,596 [INFO] DbMcusAds:125 - Set database path to: C:\Users\ledin\.stmcufinder\plugins\mcufinder//mcu/
2024-05-05 09:52:25,597 [WARN] DbFile:41 - Overriding database path with different value: C:\Users\ledin\.stmcufinder\plugins\mcufinder/ => C:\Users\ledin\.stmcufinder\plugins\mcufinder
2024-05-05 09:52:25,597 [WARN] DbFile:41 - Overriding database path with different value: C:\Users\ledin\.stmcufinder\plugins\mcufinder/ => C:\Users\ledin\.stmcufinder\plugins\mcufinder
2024-05-05 09:52:25,597 [INFO] CrossReferenceDbSqlite:203 - Set database path to: C:\Users\ledin\.stmcufinder\plugins\mcufinder//mcu/cs/
2024-05-05 09:52:25,622 [INFO] ApplicationProperties:184 - Using Application install path: O:\STM32CubeIDE_1.13.2\STM32CubeIDE\plugins\com.st.stm32cube.common.mx_6.9.2.202309101412
2024-05-05 09:52:25,625 [INFO] PluginManage:196 - Search for loadable plugins [exclusion list=, ]
2024-05-05 09:52:25,627 [INFO] PluginManage:310 - Check plugin analytics
2024-05-05 09:52:25,826 [INFO] AnalyticsPlugin:253 - Accepted Software Licenses: STM32CubeMX.6.8.1,STM32CubeMX.6.9.2,STM32CubeMX.6.11.0
2024-05-05 09:52:25,827 [INFO] AnalyticsPlugin:255 - Accepted CMSIS Pack Licenses: 
2024-05-05 09:52:25,827 [INFO] AnalyticsPlugin:257 - Accepted Firmware Licenses: FW.F4.1.27.0
2024-05-05 09:52:25,830 [INFO] PluginManage:359 - Loaded plugin analytics (category:tool,tabindex:-1)
2024-05-05 09:52:25,831 [INFO] PluginManage:310 - Check plugin cadmodel
2024-05-05 09:52:25,838 [INFO] CADModel:105 - Init CAD model plugin
2024-05-05 09:52:25,838 [INFO] PluginManage:359 - Loaded plugin cadmodel (category:power,tabindex:5)
2024-05-05 09:52:25,839 [INFO] PluginManage:310 - Check plugin clock
2024-05-05 09:52:25,852 [INFO] PluginManage:359 - Loaded plugin clock (category:base,tabindex:2)
2024-05-05 09:52:25,852 [INFO] PluginManage:310 - Check plugin ddr
2024-05-05 09:52:25,855 [INFO] PluginManage:359 - Loaded plugin ddr (category:tool,tabindex:6)
2024-05-05 09:52:25,855 [INFO] PluginManage:310 - Check plugin filemanager
2024-05-05 09:52:25,985 [INFO] PluginManage:359 - Loaded plugin filemanager (category:base,tabindex:10)
2024-05-05 09:52:25,986 [INFO] PluginManage:310 - Check plugin ipmanager
2024-05-05 09:52:25,992 [INFO] PluginManage:359 - Loaded plugin ipmanager (category:base,tabindex:5)
2024-05-05 09:52:25,992 [INFO] PluginManage:310 - Check plugin lpbam
2024-05-05 09:52:26,000 [INFO] PluginManage:359 - Loaded plugin lpbam (category:base,tabindex:0)
2024-05-05 09:52:26,000 [INFO] PluginManage:310 - Check plugin memorymap
2024-05-05 09:52:26,019 [INFO] PluginManage:359 - Loaded plugin memorymap (category:base,tabindex:4)
2024-05-05 09:52:26,019 [INFO] PluginManage:310 - Check plugin pinoutandconfiguration
2024-05-05 09:52:26,028 [INFO] PluginManage:359 - Loaded plugin pinoutandconfiguration (category:base,tabindex:1)
2024-05-05 09:52:26,028 [INFO] PluginManage:310 - Check plugin pinoutconfig
2024-05-05 09:52:26,132 [WARN] SupportedApi:132 - Cannot load RTOS API schema: s4s-elt-must-match.1: The content of 'definitions' must match (annotation?, (simpleType | complexType)?, (unique | key | keyref)*)). A problem was found starting at: attribute.
2024-05-05 09:52:26,315 [INFO] PluginManage:359 - Loaded plugin pinoutconfig (category:base,tabindex:0)
2024-05-05 09:52:26,315 [INFO] PluginManage:310 - Check plugin power
2024-05-05 09:52:26,336 [INFO] PluginManage:359 - Loaded plugin power (category:power,tabindex:4)
2024-05-05 09:52:26,337 [INFO] PluginManage:310 - Check plugin projectmanager
2024-05-05 09:52:26,355 [INFO] PluginManage:359 - Loaded plugin projectmanager (category:projectmanager,tabindex:3)
2024-05-05 09:52:26,356 [INFO] PluginManage:310 - Check plugin thirdparty
2024-05-05 09:52:26,546 [INFO] PluginManage:359 - Loaded plugin thirdparty (category:base,tabindex:-1)
2024-05-05 09:52:26,546 [WARN] IntegrityCheckThread:84 - waiting for thirdparty lock release [integrity check]
2024-05-05 09:52:26,546 [INFO] PluginManage:310 - Check plugin tools
2024-05-05 09:52:26,546 [INFO] IntegrityCheckThread:86 - entering critical section [integrity check]
2024-05-05 09:52:26,547 [INFO] ThirdPartyUpdaterWithRetryManager:70 - Updater plugin not ready yet. [1/15]
2024-05-05 09:52:26,549 [INFO] PluginManage:359 - Loaded plugin tools (category:base,tabindex:7)
2024-05-05 09:52:26,549 [INFO] PluginManage:310 - Check plugin tutovideos
2024-05-05 09:52:26,816 [INFO] PluginManage:359 - Loaded plugin tutovideos (category:base,tabindex:-1)
2024-05-05 09:52:26,816 [INFO] PluginManage:310 - Check plugin updater
2024-05-05 09:52:26,831 [INFO] PluginManage:359 - Loaded plugin updater (category:base,tabindex:12)
2024-05-05 09:52:26,832 [INFO] PluginManage:310 - Check plugin userauth
2024-05-05 09:52:26,839 [INFO] UserAuth:113 - Init User Auth plugin
2024-05-05 09:52:26,839 [INFO] PluginManage:359 - Loaded plugin userauth (category:base,tabindex:14)
2024-05-05 09:52:26,840 [INFO] PluginManage:283 - PluginManage : Loaded plugins [17]
2024-05-05 09:52:28,084 [INFO] PinOutPanel:1499 - setPackage(No Configuration,No Configuration)
2024-05-05 09:52:29,434 [INFO] CADModel:165 - CPN selected for project level
2024-05-05 09:52:29,434 [INFO] CADModel:114 - Register for checkConnection events
2024-05-05 09:52:29,452 [INFO] IPUIPlugin:80 - create IPUIPlugin
2024-05-05 09:52:29,452 [INFO] PluginManager:220 - loadIPPluginJar : add adc
2024-05-05 09:52:29,455 [INFO] IPUIPlugin:80 - create IPUIPlugin
2024-05-05 09:52:29,455 [INFO] PluginManager:220 - loadIPPluginJar : add aes
2024-05-05 09:52:29,457 [INFO] IPUIPlugin:80 - create IPUIPlugin
2024-05-05 09:52:29,457 [INFO] PluginManager:220 - loadIPPluginJar : add can
2024-05-05 09:52:29,458 [INFO] IPUIPlugin:80 - create IPUIPlugin
2024-05-05 09:52:29,458 [INFO] PluginManager:220 - loadIPPluginJar : add comp
2024-05-05 09:52:29,460 [INFO] IPUIPlugin:80 - create IPUIPlugin
2024-05-05 09:52:29,460 [INFO] PluginManager:220 - loadIPPluginJar : add cryp
2024-05-05 09:52:29,463 [INFO] IPUIPlugin:80 - create IPUIPlugin
2024-05-05 09:52:29,463 [INFO] PluginManager:220 - loadIPPluginJar : add dfsdm
2024-05-05 09:52:29,467 [INFO] IPUIPlugin:80 - create IPUIPlugin
2024-05-05 09:52:29,468 [INFO] PluginManager:220 - loadIPPluginJar : add dma
2024-05-05 09:52:29,470 [INFO] IPUIPlugin:80 - create IPUIPlugin
2024-05-05 09:52:29,470 [INFO] PluginManager:220 - loadIPPluginJar : add dma3
2024-05-05 09:52:29,471 [INFO] IPUIPlugin:80 - create IPUIPlugin
2024-05-05 09:52:29,471 [INFO] PluginManager:220 - loadIPPluginJar : add fatfs
2024-05-05 09:52:29,475 [INFO] IPUIPlugin:80 - create IPUIPlugin
2024-05-05 09:52:29,475 [INFO] PluginManager:220 - loadIPPluginJar : add fmc
2024-05-05 09:52:29,481 [INFO] IPUIPlugin:80 - create IPUIPlugin
2024-05-05 09:52:29,481 [INFO] PluginManager:220 - loadIPPluginJar : add freertos
2024-05-05 09:52:29,482 [INFO] IPUIPlugin:80 - create IPUIPlugin
2024-05-05 09:52:29,482 [INFO] PluginManager:220 - loadIPPluginJar : add genericplugin
2024-05-05 09:52:29,484 [INFO] IPUIPlugin:80 - create IPUIPlugin
2024-05-05 09:52:29,484 [INFO] PluginManager:220 - loadIPPluginJar : add gfxmmu
2024-05-05 09:52:29,488 [INFO] IPUIPlugin:80 - create IPUIPlugin
2024-05-05 09:52:29,488 [INFO] PluginManager:220 - loadIPPluginJar : add gic
2024-05-05 09:52:29,494 [INFO] IPUIPlugin:80 - create IPUIPlugin
2024-05-05 09:52:29,495 [INFO] PluginManager:220 - loadIPPluginJar : add gpio
2024-05-05 09:52:29,498 [INFO] IPUIPlugin:80 - create IPUIPlugin
2024-05-05 09:52:29,498 [INFO] PluginManager:220 - loadIPPluginJar : add gtzc
2024-05-05 09:52:29,500 [INFO] IPUIPlugin:80 - create IPUIPlugin
2024-05-05 09:52:29,500 [INFO] PluginManager:220 - loadIPPluginJar : add hash
2024-05-05 09:52:29,503 [INFO] IPUIPlugin:80 - create IPUIPlugin
2024-05-05 09:52:29,503 [INFO] PluginManager:220 - loadIPPluginJar : add i2c
2024-05-05 09:52:29,504 [INFO] IPUIPlugin:80 - create IPUIPlugin
2024-05-05 09:52:29,504 [INFO] PluginManager:220 - loadIPPluginJar : add i2s
2024-05-05 09:52:29,506 [INFO] IPUIPlugin:80 - create IPUIPlugin
2024-05-05 09:52:29,506 [INFO] PluginManager:220 - loadIPPluginJar : add i3c
2024-05-05 09:52:29,509 [INFO] IPUIPlugin:80 - create IPUIPlugin
2024-05-05 09:52:29,509 [INFO] PluginManager:220 - loadIPPluginJar : add ipddr
2024-05-05 09:52:29,516 [INFO] IPUIPlugin:80 - create IPUIPlugin
2024-05-05 09:52:29,516 [INFO] PluginManager:220 - loadIPPluginJar : add linkedlist
2024-05-05 09:52:29,518 [INFO] IPUIPlugin:80 - create IPUIPlugin
2024-05-05 09:52:29,518 [INFO] PluginManager:220 - loadIPPluginJar : add lorawan
2024-05-05 09:52:29,519 [INFO] IPUIPlugin:80 - create IPUIPlugin
2024-05-05 09:52:29,519 [INFO] PluginManager:220 - loadIPPluginJar : add ltdc
2024-05-05 09:52:29,524 [INFO] IPUIPlugin:80 - create IPUIPlugin
2024-05-05 09:52:29,524 [INFO] PluginManager:220 - loadIPPluginJar : add mdma
2024-05-05 09:52:29,527 [INFO] IPUIPlugin:80 - create IPUIPlugin
2024-05-05 09:52:29,527 [INFO] PluginManager:220 - loadIPPluginJar : add nvic
2024-05-05 09:52:29,529 [INFO] IPUIPlugin:80 - create IPUIPlugin
2024-05-05 09:52:29,529 [INFO] PluginManager:220 - loadIPPluginJar : add opamp
2024-05-05 09:52:29,532 [INFO] IPUIPlugin:80 - create IPUIPlugin
2024-05-05 09:52:29,532 [INFO] PluginManager:220 - loadIPPluginJar : add openamp
2024-05-05 09:52:29,535 [INFO] IPUIPlugin:80 - create IPUIPlugin
2024-05-05 09:52:29,535 [INFO] PluginManager:220 - loadIPPluginJar : add pdm2pcm
2024-05-05 09:52:29,540 [INFO] IPUIPlugin:80 - create IPUIPlugin
2024-05-05 09:52:29,542 [INFO] PluginManager:220 - loadIPPluginJar : add plateformsettings
2024-05-05 09:52:29,543 [INFO] IPUIPlugin:80 - create IPUIPlugin
2024-05-05 09:52:29,543 [INFO] PluginManager:220 - loadIPPluginJar : add quadspi
2024-05-05 09:52:29,548 [INFO] IPUIPlugin:80 - create IPUIPlugin
2024-05-05 09:52:29,548 [INFO] PluginManager:220 - loadIPPluginJar : add resmgrutility
2024-05-05 09:52:29,549 [INFO] ThirdPartyUpdaterWithRetryManager:70 - Updater plugin not ready yet. [2/15]
2024-05-05 09:52:29,550 [INFO] IPUIPlugin:80 - create IPUIPlugin
2024-05-05 09:52:29,551 [INFO] PluginManager:220 - loadIPPluginJar : add sai
2024-05-05 09:52:29,552 [INFO] IPUIPlugin:80 - create IPUIPlugin
2024-05-05 09:52:29,552 [INFO] PluginManager:220 - loadIPPluginJar : add spi
2024-05-05 09:52:29,555 [INFO] IPUIPlugin:80 - create IPUIPlugin
2024-05-05 09:52:29,556 [INFO] PluginManager:220 - loadIPPluginJar : add stm32_wpan
2024-05-05 09:52:29,557 [INFO] IPUIPlugin:80 - create IPUIPlugin
2024-05-05 09:52:29,557 [INFO] PluginManager:220 - loadIPPluginJar : add tim
2024-05-05 09:52:29,560 [INFO] IPUIPlugin:80 - create IPUIPlugin
2024-05-05 09:52:29,560 [INFO] PluginManager:220 - loadIPPluginJar : add touchsensing
2024-05-05 09:52:29,562 [INFO] IPUIPlugin:80 - create IPUIPlugin
2024-05-05 09:52:29,562 [INFO] PluginManager:220 - loadIPPluginJar : add tracer_emb
2024-05-05 09:52:29,564 [INFO] IPUIPlugin:80 - create IPUIPlugin
2024-05-05 09:52:29,564 [INFO] PluginManager:220 - loadIPPluginJar : add ts
2024-05-05 09:52:29,565 [INFO] IPUIPlugin:80 - create IPUIPlugin
2024-05-05 09:52:29,565 [INFO] PluginManager:220 - loadIPPluginJar : add tsc
2024-05-05 09:52:29,566 [INFO] IPUIPlugin:80 - create IPUIPlugin
2024-05-05 09:52:29,566 [INFO] PluginManager:220 - loadIPPluginJar : add ucpd
2024-05-05 09:52:29,568 [INFO] IPUIPlugin:80 - create IPUIPlugin
2024-05-05 09:52:29,568 [INFO] PluginManager:220 - loadIPPluginJar : add usart
2024-05-05 09:52:29,571 [INFO] IPUIPlugin:80 - create IPUIPlugin
2024-05-05 09:52:29,571 [INFO] PluginManager:220 - loadIPPluginJar : add usbx
2024-05-05 09:52:30,014 [INFO] CADModel:165 - CPN selected for project level
2024-05-05 09:52:30,014 [INFO] CADModel:114 - Register for checkConnection events
2024-05-05 09:52:30,014 [FATAL] Updater:308 - Updater called before beeing initialized
2024-05-05 09:52:30,015 [ERROR] CADModel:125 - Updater not yet initialized, retry later 
2024-05-05 09:52:30,249 [INFO] CADModel:165 - CPN selected for project level
2024-05-05 09:52:30,249 [INFO] CADModel:114 - Register for checkConnection events
2024-05-05 09:52:30,249 [FATAL] Updater:308 - Updater called before beeing initialized
2024-05-05 09:52:30,249 [ERROR] CADModel:125 - Updater not yet initialized, retry later 
2024-05-05 09:52:30,255 [FATAL] Updater:308 - Updater called before beeing initialized
2024-05-05 09:52:30,375 [FATAL] Updater:308 - Updater called before beeing initialized
2024-05-05 09:52:30,381 [INFO] DbMcusAds:53 - JSON generation date=Thu May 02 15:37:29 ICT 2024 (1714639049318)
2024-05-05 09:52:30,381 [FATAL] Updater:308 - Updater called before beeing initialized
2024-05-05 09:52:30,442 [WARN] DetailPanel:346 - Failed to get advertising image, set to default
2024-05-05 09:52:30,536 [FATAL] Updater:308 - Updater called before beeing initialized
2024-05-05 09:52:30,538 [FATAL] Updater:308 - Updater called before beeing initialized
2024-05-05 09:52:30,538 [FATAL] Updater:308 - Updater called before beeing initialized
2024-05-05 09:52:30,538 [WARN] DetailPanel:346 - Failed to get advertising image, set to default
2024-05-05 09:52:30,539 [FATAL] Updater:308 - Updater called before beeing initialized
2024-05-05 09:52:30,587 [ERROR] Updater:1120 - MainUpdater not yet initialized. External WinMGr cannot be set.
2024-05-05 09:52:30,589 [INFO] Updater:1056 - Updater Version found : 6.9.2
2024-05-05 09:52:30,606 [INFO] ApplicationProperties:184 - Using Application install path: O:\STM32CubeIDE_1.13.2\STM32CubeIDE\plugins\com.st.stm32cube.common.mx_6.9.2.202309101412
2024-05-05 09:52:30,781 [INFO] MainUpdater:2868 - connection check result : 10
2024-05-05 09:52:30,781 [INFO] MainUpdater:285 - Updater Check For Update Now.
2024-05-05 09:52:30,781 [INFO] MicroXplorer:498 - Change Database Version : DB.6.0.92
2024-05-05 09:52:30,788 [INFO] McuFinderGlobals:63 - Set McuFinder mode to 2 (CubeIDE integrated)
2024-05-05 09:52:30,788 [INFO] UserAuth:179 - activating auth plugin
2024-05-05 09:52:30,791 [INFO] UserAuth:393 - Internet connection configuration mode: 1
2024-05-05 09:52:30,811 [INFO] JxBrowserEngine:151 - Initiate JxBrowser Engine with user profile folder
2024-05-05 09:52:31,003 [INFO] CheckServerUpdateThread:120 - End of CheckServer Thread
2024-05-05 09:52:32,064 [INFO] WebApp:157 - Instantiating new browser for Auth
2024-05-05 09:52:32,805 [INFO] WebApp:753 - Register for checkConnection events
2024-05-05 09:52:32,805 [INFO] WebApp:390 - Apply proxy settings
2024-05-05 09:52:32,805 [INFO] WebApp:475 - Chromium requires no authentication
2024-05-05 09:52:32,817 [INFO] WebApp:418 - Direct internet connection detected
2024-05-05 09:52:32,871 [WARN] PackLoader:240 - Cannot read IP mode file for STMicroelectronics.FP-SNS-MOTENVWB1.1.4.0
2024-05-05 09:52:32,884 [WARN] PackLoader:240 - Cannot read IP mode file for STMicroelectronics.X-CUBE-SMBUS.2.1.0
2024-05-05 09:52:32,891 [WARN] PackLoader:240 - Cannot read IP mode file for STMicroelectronics.X-CUBE-TOUCHGFX.4.23.0
2024-05-05 09:52:32,895 [WARN] PackLoader:240 - Cannot read IP mode file for STMicroelectronics.X-CUBE-TOUCHGFX.4.23.2
2024-05-05 09:52:32,944 [WARN] PackLoader:240 - Cannot read IP mode file for STMicroelectronics.X-CUBE-AZRTOS-F7.1.1.0
2024-05-05 09:52:32,960 [WARN] PackLoader:240 - Cannot read IP mode file for STMicroelectronics.FP-SNS-MOTENV1.4.3.2
2024-05-05 09:52:32,970 [WARN] PackLoader:240 - Cannot read IP mode file for STMicroelectronics.FP-SNS-FLIGHT1.5.0.2
2024-05-05 09:52:32,983 [WARN] PackLoader:240 - Cannot read IP mode file for STMicroelectronics.X-CUBE-DISPLAY.3.0.0
2024-05-05 09:52:33,001 [WARN] PackLoader:240 - Cannot read IP mode file for STMicroelectronics.X-CUBE-BLE1.7.0.0
2024-05-05 09:52:33,009 [WARN] PackLoader:240 - Cannot read IP mode file for emotas.I-CUBE-CANOPEN.1.3.0
2024-05-05 09:52:33,014 [WARN] PackLoader:240 - Cannot read IP mode file for STMicroelectronics.X-CUBE-TOUCHGFX.4.22.1
2024-05-05 09:52:33,042 [WARN] PackLoader:240 - Cannot read IP mode file for STMicroelectronics.X-CUBE-BLEMGR.3.1.0
2024-05-05 09:52:33,062 [WARN] PackLoader:240 - Cannot read IP mode file for STMicroelectronics.FP-SNS-SMARTAG2.1.2.0
2024-05-05 09:52:33,078 [INFO] LogOutputStream:77 - [STDOUT_REDIRECT] 1 : Invalid condition id : UX_CORESTACK_Condition cause : null
2024-05-05 09:52:33,078 [INFO] LogOutputStream:77 - [STDOUT_REDIRECT] 1 : Invalid condition id : UX_CORESTACK_Condition cause : null
2024-05-05 09:52:33,080 [INFO] LogOutputStream:77 - [STDOUT_REDIRECT] 1 : Invalid condition id : UX_CORESTACK_Condition cause : null
2024-05-05 09:52:33,082 [INFO] LogOutputStream:77 - [STDOUT_REDIRECT] 1 : Invalid condition id : UX_CORESTACK_Condition cause : null
2024-05-05 09:52:33,084 [INFO] LogOutputStream:77 - [STDOUT_REDIRECT] 1 : Invalid condition id : UX_CORESTACK_Condition cause : null
2024-05-05 09:52:33,090 [WARN] PackLoader:240 - Cannot read IP mode file for STMicroelectronics.X-CUBE-AZRTOS-WL.2.0.0
2024-05-05 09:52:33,102 [WARN] PackLoader:240 - Cannot read IP mode file for STMicroelectronics.FP-SNS-MOTENV1.5.0.0
2024-05-05 09:52:33,116 [WARN] PackLoader:240 - Cannot read IP mode file for WES.I-CUBE-Cesium.1.3.0
2024-05-05 09:52:33,124 [WARN] PackLoader:240 - Cannot read IP mode file for STMicroelectronics.X-CUBE-BLE2.3.3.0
2024-05-05 09:52:33,132 [WARN] PackLoader:240 - Cannot read IP mode file for STMicroelectronics.X-CUBE-TCPP.4.1.0
2024-05-05 09:52:33,139 [INFO] WebApp:188 - Starting web application
2024-05-05 09:52:33,140 [INFO] WebApp:520 - Web application path used O:\STM32CubeIDE_1.13.2\STM32CubeIDE\plugins\com.st.stm32cube.common.mx_6.9.2.202309101412\db\plugins\mcufinder\reactClient1\index.html
2024-05-05 09:52:33,144 [WARN] PackLoader:240 - Cannot read IP mode file for STMicroelectronics.X-CUBE-ALGOBUILD.1.3.0
2024-05-05 09:52:33,173 [WARN] PackLoader:240 - Cannot read IP mode file for STMicroelectronics.X-CUBE-AZRTOS-G0.1.1.0
2024-05-05 09:52:33,186 [WARN] PackLoader:240 - Cannot read IP mode file for STMicroelectronics.X-CUBE-SAFEA1.1.2.2
2024-05-05 09:52:33,195 [WARN] PackLoader:240 - Cannot read IP mode file for STMicroelectronics.X-CUBE-NFC4.3.0.0
2024-05-05 09:52:33,209 [WARN] PackLoader:240 - Cannot read IP mode file for STMicroelectronics.X-CUBE-BLEMGR.3.0.0
2024-05-05 09:52:33,219 [WARN] PackLoader:240 - Cannot read IP mode file for STMicroelectronics.FP-ATR-SIGFOX1.3.2.0
2024-05-05 09:52:33,229 [WARN] PackLoader:240 - Cannot read IP mode file for STMicroelectronics.X-CUBE-EEPRMA1.5.1.0
2024-05-05 09:52:33,290 [WARN] PackLoader:240 - Cannot read IP mode file for SEGGER.I-CUBE-embOS.1.3.1
2024-05-05 09:52:33,361 [WARN] PackLoader:240 - Cannot read IP mode file for STMicroelectronics.X-CUBE-GNSS1.6.0.0
2024-05-05 09:52:33,386 [WARN] PackLoader:240 - Cannot read IP mode file for STMicroelectronics.X-CUBE-AZRTOS-F4.1.1.0
2024-05-05 09:52:33,397 [WARN] PackLoader:240 - Cannot read IP mode file for wolfSSL.I-CUBE-wolfSSL.5.6.4
2024-05-05 09:52:33,405 [WARN] PackLoader:240 - Cannot read IP mode file for STMicroelectronics.X-CUBE-FREERTOS.1.2.0
2024-05-05 09:52:33,436 [WARN] PackLoader:240 - Cannot read IP mode file for STMicroelectronics.X-CUBE-AZRTOS-L5.2.0.0
2024-05-05 09:52:33,463 [WARN] PackLoader:240 - Cannot read IP mode file for STMicroelectronics.X-CUBE-EEPRMA1.4.2.0
2024-05-05 09:52:33,491 [WARN] PackLoader:240 - Cannot read IP mode file for STMicroelectronics.X-CUBE-NFC6.3.1.0
2024-05-05 09:52:33,505 [WARN] PackLoader:240 - Cannot read IP mode file for ITTIA_DB.I-CUBE-ITTIADB.8.8.0
2024-05-05 09:52:33,518 [WARN] PackLoader:240 - Cannot read IP mode file for STMicroelectronics.X-CUBE-AI.9.0.0
2024-05-05 09:52:33,560 [WARN] ConditionMgr:438 - getConditionDescription Invalid condition id : UX DEVICE CLASS RTOS Condition cause : null
2024-05-05 09:52:33,560 [WARN] ConditionMgr:438 - getConditionDescription Invalid condition id : UX DEVICE CLASS RTOS Condition cause : null
2024-05-05 09:52:33,565 [WARN] PackLoader:240 - Cannot read IP mode file for STMicroelectronics.X-CUBE-AZRTOS-H7.3.1.0
2024-05-05 09:52:33,567 [WARN] ConditionMgr:1039 - genDependencies : Invalid condition id : UX DEVICE CLASS RTOS Condition cause : null
2024-05-05 09:52:33,567 [WARN] ConditionMgr:1039 - genDependencies : Invalid condition id : UX DEVICE CLASS RTOS Condition cause : null
2024-05-05 09:52:33,588 [WARN] ConditionMgr:1039 - genDependencies : Invalid condition id : UX DEVICE CLASS RTOS Condition cause : null
2024-05-05 09:52:33,589 [WARN] ConditionMgr:1039 - genDependencies : Invalid condition id : UX DEVICE CLASS RTOS Condition cause : null
2024-05-05 09:52:33,589 [WARN] ConditionMgr:1039 - genDependencies : Invalid condition id : UX DEVICE CLASS RTOS Condition cause : null
2024-05-05 09:52:33,617 [WARN] PackLoader:240 - Cannot read IP mode file for STMicroelectronics.X-CUBE-NFC7.1.0.1
2024-05-05 09:52:33,635 [WARN] PackLoader:240 - Cannot read IP mode file for STMicroelectronics.X-CUBE-NFC6.3.0.0
2024-05-05 09:52:33,648 [WARN] PackLoader:240 - Cannot read IP mode file for STMicroelectronics.X-CUBE-AI.8.1.0
2024-05-05 09:52:33,680 [WARN] ConditionMgr:438 - getConditionDescription Invalid condition id : LAN8742 Phy interface Condition cause : null
2024-05-05 09:52:33,681 [WARN] PackLoader:240 - Cannot read IP mode file for STMicroelectronics.X-CUBE-AZRTOS-L4.2.0.0
2024-05-05 09:52:33,682 [WARN] ConditionMgr:1039 - genDependencies : Invalid condition id : LAN8742 Phy interface Condition cause : null
2024-05-05 09:52:33,683 [WARN] ConditionMgr:1039 - genDependencies : Invalid condition id : LAN8742 Phy interface Condition cause : null
2024-05-05 09:52:33,683 [WARN] ConditionMgr:1039 - genDependencies : Invalid condition id : LAN8742 Phy interface Condition cause : null
2024-05-05 09:52:33,702 [WARN] PackLoader:240 - Cannot read IP mode file for STMicroelectronics.X-CUBE-SFXS2LP1.4.0.0
2024-05-05 09:52:33,711 [WARN] PackLoader:240 - Cannot read IP mode file for STMicroelectronics.X-CUBE-ISPU.1.1.0
2024-05-05 09:52:33,734 [WARN] ConditionMgr:438 - getConditionDescription Invalid condition id : UX DEVICE CLASS RTOS Condition cause : null
2024-05-05 09:52:33,734 [WARN] ConditionMgr:438 - getConditionDescription Invalid condition id : UX DEVICE CLASS RTOS Condition cause : null
2024-05-05 09:52:33,737 [WARN] PackLoader:240 - Cannot read IP mode file for STMicroelectronics.X-CUBE-AZRTOS-WB.2.0.0
2024-05-05 09:52:33,738 [WARN] ConditionMgr:1039 - genDependencies : Invalid condition id : UX DEVICE CLASS RTOS Condition cause : null
2024-05-05 09:52:33,738 [WARN] ConditionMgr:1039 - genDependencies : Invalid condition id : UX DEVICE CLASS RTOS Condition cause : null
2024-05-05 09:52:33,739 [WARN] ConditionMgr:1039 - genDependencies : Invalid condition id : UX DEVICE CLASS RTOS Condition cause : null
2024-05-05 09:52:33,739 [WARN] ConditionMgr:1039 - genDependencies : Invalid condition id : UX DEVICE CLASS RTOS Condition cause : null
2024-05-05 09:52:33,739 [WARN] ConditionMgr:1039 - genDependencies : Invalid condition id : UX DEVICE CLASS RTOS Condition cause : null
2024-05-05 09:52:33,765 [WARN] PackLoader:240 - Cannot read IP mode file for STMicroelectronics.X-CUBE-SUBG2.5.0.0
2024-05-05 09:52:33,784 [WARN] PackLoader:240 - Cannot read IP mode file for STMicroelectronics.X-CUBE-TOF1.3.3.1
2024-05-05 09:52:33,817 [WARN] PackLoader:240 - Cannot read IP mode file for STMicroelectronics.X-CUBE-AZRTOS-G4.2.0.0
2024-05-05 09:52:33,838 [WARN] PackLoader:240 - Cannot read IP mode file for Infineon.AIROC-Wi-Fi-Bluetooth-STM32.1.5.1
2024-05-05 09:52:33,848 [WARN] PackLoader:240 - Cannot read IP mode file for STMicroelectronics.FP-SNS-MOTENVWB1.1.3.0
2024-05-05 09:52:33,855 [WARN] PackLoader:240 - Cannot read IP mode file for STMicroelectronics.FP-SNS-MOTENVWB1.1.3.1
2024-05-05 09:52:33,861 [WARN] PackLoader:240 - Cannot read IP mode file for STMicroelectronics.X-CUBE-ISPU.2.0.0
2024-05-05 09:52:33,922 [WARN] PackLoader:240 - Cannot read IP mode file for STMicroelectronics.X-CUBE-MEMS1.10.0.0
2024-05-05 09:52:34,126 [WARN] PackLoader:240 - Cannot read IP mode file for STMicroelectronics.X-CUBE-FREERTOS.1.1.0
2024-05-05 09:52:34,136 [WARN] PackLoader:240 - Cannot read IP mode file for portGmbH.I-Cube-SoM-uGOAL.1.1.0
2024-05-05 09:52:34,142 [WARN] PackLoader:240 - Cannot read IP mode file for STMicroelectronics.X-CUBE-ALS.1.0.1
2024-05-05 09:52:34,169 [WARN] PackLoader:240 - Cannot read IP mode file for STMicroelectronics.X-CUBE-AZRTOS-H7RS.1.0.0
2024-05-05 09:52:34,177 [WARN] PackLoader:240 - Cannot read IP mode file for STMicroelectronics.FP-ATR-ASTRA1.2.0.0
2024-05-05 09:52:34,194 [WARN] PackLoader:240 - Cannot read IP mode file for STMicroelectronics.X-CUBE-TOF1.3.4.0
2024-05-05 09:52:34,224 [WARN] PackLoader:240 - Cannot read IP mode file for STMicroelectronics.X-CUBE-TOF1.3.4.1
2024-05-05 09:52:34,268 [WARN] PackLoader:240 - Cannot read IP mode file for STMicroelectronics.X-CUBE-AZRTOS-H7.3.2.0
2024-05-05 09:52:34,273 [INFO] ThirdParty:978 - Integrity check success = true
2024-05-05 09:52:34,273 [INFO] IntegrityCheckThread:100 - exiting critical section [integrity check]
2024-05-05 09:52:34,273 [INFO] IntegrityCheckThread:103 - End integrity checks thread
2024-05-05 09:52:54,169 [ERROR] LogOutputStream:75 - [STDERR_REDIRECT] SLF4J: Failed to load class "org.slf4j.impl.StaticLoggerBinder".
2024-05-05 09:52:54,169 [ERROR] LogOutputStream:75 - [STDERR_REDIRECT] SLF4J: Defaulting to no-operation (NOP) logger implementation
2024-05-05 09:52:54,171 [ERROR] LogOutputStream:75 - [STDERR_REDIRECT] SLF4J: See http://www.slf4j.org/codes.html#StaticLoggerBinder for further details.
2024-05-05 10:00:27,930 [ERROR] LogOutputStream:75 - [STDERR_REDIRECT] 
